{"level":"error"}
{"level":"error"}
{"level":"error"}
{"level":"error"}
{"level":"error"}
{"level":"error"}
{"level":"error"}
{"level":"error"}
{"level":"error"}
{"level":"error"}
{"level":"error"}
{"level":"error"}
{"level":"error"}
{"level":"error","message":"ye hai google ki error Cannot read properties of null (reading 'id')","stack":"TypeError: Cannot read properties of null (reading 'id')\n    at GoogleLogin (D:\\vaibhav\\communiy-care-hours\\citizen-community-service-credit\\Activity_backend\\controllers\\LoginController.js:277:50)\n    at process.processTicksAndRejections (node:internal/process/task_queues:95:5)"}
{"level":"error","message":"ye hai google ki error Cannot read properties of null (reading 'id')","stack":"TypeError: Cannot read properties of null (reading 'id')\n    at GoogleLogin (D:\\vaibhav\\communiy-care-hours\\citizen-community-service-credit\\Activity_backend\\controllers\\LoginController.js:277:50)\n    at process.processTicksAndRejections (node:internal/process/task_queues:95:5)"}
{"level":"error","message":"ye hai google ki error Cannot read properties of null (reading 'id')","stack":"TypeError: Cannot read properties of null (reading 'id')\n    at GoogleLogin (D:\\vaibhav\\communiy-care-hours\\citizen-community-service-credit\\Activity_backend\\controllers\\LoginController.js:277:50)\n    at process.processTicksAndRejections (node:internal/process/task_queues:95:5)"}
{"level":"error","message":"ye hai google ki error Cannot read properties of null (reading 'id')","stack":"TypeError: Cannot read properties of null (reading 'id')\n    at GoogleLogin (D:\\vaibhav\\communiy-care-hours\\citizen-community-service-credit\\Activity_backend\\controllers\\LoginController.js:277:50)\n    at process.processTicksAndRejections (node:internal/process/task_queues:95:5)"}
{"level":"error","message":"here is the error Cannot read properties of null (reading 'id')","stack":"TypeError: Cannot read properties of null (reading 'id')\n    at login (D:\\vaibhav\\communiy-care-hours\\citizen-community-service-credit\\Activity_backend\\controllers\\LoginController.js:752:50)\n    at process.processTicksAndRejections (node:internal/process/task_queues:95:5)"}
{"level":"error","message":"here is the error Cannot read properties of null (reading 'id')","stack":"TypeError: Cannot read properties of null (reading 'id')\n    at login (D:\\vaibhav\\communiy-care-hours\\citizen-community-service-credit\\Activity_backend\\controllers\\LoginController.js:752:50)\n    at process.processTicksAndRejections (node:internal/process/task_queues:95:5)"}
{"level":"error","message":"here is the error Cannot read properties of null (reading 'id')","stack":"TypeError: Cannot read properties of null (reading 'id')\n    at login (D:\\vaibhav\\communiy-care-hours\\citizen-community-service-credit\\Activity_backend\\controllers\\LoginController.js:752:50)\n    at process.processTicksAndRejections (node:internal/process/task_queues:95:5)"}
{"level":"error","message":"here is the error Cannot read properties of null (reading 'id')","stack":"TypeError: Cannot read properties of null (reading 'id')\n    at login (D:\\vaibhav\\communiy-care-hours\\citizen-community-service-credit\\Activity_backend\\controllers\\LoginController.js:752:50)\n    at process.processTicksAndRejections (node:internal/process/task_queues:95:5)"}
{"expiredAt":"2024-08-03T08:56:18.000Z","level":"error","message":"jwt expired","name":"TokenExpiredError"}
{"expiredAt":"2024-08-03T08:56:18.000Z","level":"error","message":"jwt expired","name":"TokenExpiredError"}
{"expiredAt":"2024-08-03T08:56:18.000Z","level":"error","message":"jwt expired","name":"TokenExpiredError"}
{"expiredAt":"2024-08-03T08:56:18.000Z","level":"error","message":"jwt expired","name":"TokenExpiredError"}
{"expiredAt":"2024-08-03T08:56:18.000Z","level":"error","message":"jwt expired","name":"TokenExpiredError"}
{"expiredAt":"2024-08-03T08:56:18.000Z","level":"error","message":"jwt expired","name":"TokenExpiredError"}
{"expiredAt":"2024-08-03T08:56:18.000Z","level":"error","message":"jwt expired","name":"TokenExpiredError"}
{"expiredAt":"2024-08-03T08:56:18.000Z","level":"error","message":"jwt expired","name":"TokenExpiredError"}
{"expiredAt":"2024-08-03T08:56:18.000Z","level":"error","message":"jwt expired","name":"TokenExpiredError"}
{"expiredAt":"2024-08-03T08:56:18.000Z","level":"error","message":"jwt expired","name":"TokenExpiredError"}
{"expiredAt":"2024-08-03T08:56:18.000Z","level":"error","message":"jwt expired","name":"TokenExpiredError"}
{"expiredAt":"2024-08-03T08:56:18.000Z","level":"error","message":"jwt expired","name":"TokenExpiredError"}
{"expiredAt":"2024-08-03T08:56:18.000Z","level":"error","message":"jwt expired","name":"TokenExpiredError"}
{"expiredAt":"2024-08-03T08:56:18.000Z","level":"error","message":"jwt expired","name":"TokenExpiredError"}
{"expiredAt":"2024-08-03T08:56:18.000Z","level":"error","message":"jwt expired","name":"TokenExpiredError"}
{"expiredAt":"2024-08-03T08:56:18.000Z","level":"error","message":"jwt expired","name":"TokenExpiredError"}
{"expiredAt":"2024-08-03T08:56:18.000Z","level":"error","message":"jwt expired","name":"TokenExpiredError"}
{"expiredAt":"2024-08-03T08:56:18.000Z","level":"error","message":"jwt expired","name":"TokenExpiredError"}
{"expiredAt":"2024-08-03T08:56:18.000Z","level":"error","message":"jwt expired","name":"TokenExpiredError"}
{"expiredAt":"2024-08-03T08:56:18.000Z","level":"error","message":"jwt expired","name":"TokenExpiredError"}
{"expiredAt":"2024-08-03T08:56:18.000Z","level":"error","message":"jwt expired","name":"TokenExpiredError"}
{"expiredAt":"2024-08-03T08:56:18.000Z","level":"error","message":"jwt expired","name":"TokenExpiredError"}
{"expiredAt":"2024-08-03T08:56:18.000Z","level":"error","message":"jwt expired","name":"TokenExpiredError"}
{"expiredAt":"2024-08-03T08:56:18.000Z","level":"error","message":"jwt expired","name":"TokenExpiredError"}
{"expiredAt":"2024-08-03T08:56:18.000Z","level":"error","message":"jwt expired","name":"TokenExpiredError"}
{"expiredAt":"2024-08-03T08:56:18.000Z","level":"error","message":"jwt expired","name":"TokenExpiredError"}
{"expiredAt":"2024-08-03T08:56:18.000Z","level":"error","message":"jwt expired","name":"TokenExpiredError"}
{"expiredAt":"2024-08-03T08:56:18.000Z","level":"error","message":"jwt expired","name":"TokenExpiredError"}
{"expiredAt":"2024-08-03T08:56:18.000Z","level":"error","message":"jwt expired","name":"TokenExpiredError"}
{"expiredAt":"2024-08-03T08:56:18.000Z","level":"error","message":"jwt expired","name":"TokenExpiredError"}
{"expiredAt":"2024-08-03T08:56:18.000Z","level":"error","message":"jwt expired","name":"TokenExpiredError"}
{"expiredAt":"2024-08-03T08:56:18.000Z","level":"error","message":"jwt expired","name":"TokenExpiredError"}
{"expiredAt":"2024-08-03T08:56:18.000Z","level":"error","message":"jwt expired","name":"TokenExpiredError"}
{"expiredAt":"2024-08-03T08:56:18.000Z","level":"error","message":"jwt expired","name":"TokenExpiredError"}
{"level":"error"}
{"level":"error"}
{"level":"error"}
{"level":"error"}
{"level":"error"}
{"expiredAt":"2024-08-07T06:08:55.000Z","level":"error","message":"jwt expired","name":"TokenExpiredError"}
{"expiredAt":"2024-08-07T06:08:55.000Z","level":"error","message":"jwt expired","name":"TokenExpiredError"}
{"expiredAt":"2024-08-07T06:08:55.000Z","level":"error","message":"jwt expired","name":"TokenExpiredError"}
{"expiredAt":"2024-08-07T06:08:55.000Z","level":"error","message":"jwt expired","name":"TokenExpiredError"}
{"expiredAt":"2024-08-07T06:08:55.000Z","level":"error","message":"jwt expired","name":"TokenExpiredError"}
{"expiredAt":"2024-08-07T06:08:55.000Z","level":"error","message":"jwt expired","name":"TokenExpiredError"}
{"expiredAt":"2024-08-07T06:08:55.000Z","level":"error","message":"jwt expired","name":"TokenExpiredError"}
{"expiredAt":"2024-08-07T06:08:55.000Z","level":"error","message":"jwt expired","name":"TokenExpiredError"}
{"expiredAt":"2024-08-07T06:08:55.000Z","level":"error","message":"jwt expired","name":"TokenExpiredError"}
{"expiredAt":"2024-08-07T06:08:55.000Z","level":"error","message":"jwt expired","name":"TokenExpiredError"}
{"expiredAt":"2024-08-07T06:08:55.000Z","level":"error","message":"jwt expired","name":"TokenExpiredError"}
{"expiredAt":"2024-08-07T06:08:55.000Z","level":"error","message":"jwt expired","name":"TokenExpiredError"}
{"expiredAt":"2024-08-07T06:08:55.000Z","level":"error","message":"jwt expired","name":"TokenExpiredError"}
{"expiredAt":"2024-08-07T06:08:55.000Z","level":"error","message":"jwt expired","name":"TokenExpiredError"}
{"level":"error","message":"user update fail Unexpected end of JSON input","stack":"SyntaxError: Unexpected end of JSON input\n    at JSON.parse (<anonymous>)\n    at updateUser (D:\\git utkarsh\\citizen-community-service-credit\\Activity_backend\\controllers\\LoginController.js:2575:33)\n    at process.processTicksAndRejections (node:internal/process/task_queues:95:5)"}
{"errors":[{"instance":{"category":"[{\"value\":\"Cleaning\",\"label\":\"Cleaning\"},{\"value\":\"Others\",\"label\":\"Others\"},\"Others\"]","email":"utkarshdixit998@gmail.com","id":null,"linklogin":false,"name":"utkarsh dixit","organization":{"label":"Garden Guardians Network","value":"Garden Guardians Network"},"phone":"9926564749","updatedAt":"2024-08-09T12:26:45.591Z","verified":false},"message":"organization cannot be an array or an object","origin":"CORE","path":"organization","type":"string violation","validatorArgs":[],"validatorKey":"not_a_string","validatorName":null,"value":{"label":"Garden Guardians Network","value":"Garden Guardians Network"}}],"level":"error","message":"user update fail string violation: organization cannot be an array or an object","name":"SequelizeValidationError","stack":"SequelizeValidationError: string violation: organization cannot be an array or an object\n    at InstanceValidator._validate (D:\\git utkarsh\\citizen-community-service-credit\\Activity_backend\\node_modules\\sequelize\\lib\\instance-validator.js:50:13)\n    at process.processTicksAndRejections (node:internal/process/task_queues:95:5)\n    at async InstanceValidator._validateAndRunHooks (D:\\git utkarsh\\citizen-community-service-credit\\Activity_backend\\node_modules\\sequelize\\lib\\instance-validator.js:60:7)\n    at async InstanceValidator.validate (D:\\git utkarsh\\citizen-community-service-credit\\Activity_backend\\node_modules\\sequelize\\lib\\instance-validator.js:54:12)\n    at async users.update (D:\\git utkarsh\\citizen-community-service-credit\\Activity_backend\\node_modules\\sequelize\\lib\\model.js:1881:26)\n    at async updateUser (D:\\git utkarsh\\citizen-community-service-credit\\Activity_backend\\controllers\\LoginController.js:2591:21)"}
{"level":"error","message":"user update fail Unexpected end of JSON input","stack":"SyntaxError: Unexpected end of JSON input\n    at JSON.parse (<anonymous>)\n    at updateUser (D:\\git utkarsh\\citizen-community-service-credit\\Activity_backend\\controllers\\LoginController.js:2575:33)\n    at process.processTicksAndRejections (node:internal/process/task_queues:95:5)"}
{"code":"ER_BAD_FIELD_ERROR","errno":1054,"level":"error","message":"here is the error Unknown column 'address' in 'field list'","sql":"SELECT `id`, `name`,`photo`, `email`,`phone`, `address`, `googleId`, `organization`, `category` FROM `users` WHERE id = ?","sqlMessage":"Unknown column 'address' in 'field list'","sqlState":"42S22","stack":"Error: Unknown column 'address' in 'field list'\n    at PromiseConnection.execute (D:\\git utkarsh\\citizen-community-service-credit\\Activity_backend\\node_modules\\mysql2\\promise.js:111:22)\n    at profile (D:\\git utkarsh\\citizen-community-service-credit\\Activity_backend\\controllers\\LoginController.js:948:41)\n    at process.processTicksAndRejections (node:internal/process/task_queues:95:5)"}
{"code":"ER_BAD_FIELD_ERROR","errno":1054,"level":"error","message":"this is the error from token Unknown column 'address' in 'field list'","sql":"SELECT `id`, `name`,`photo`, `email`,`phone`, `address`, `googleId`, `organization`, `category` FROM `users` WHERE id = ?","sqlMessage":"Unknown column 'address' in 'field list'","sqlState":"42S22","stack":"Error: Unknown column 'address' in 'field list'\n    at PromiseConnection.execute (D:\\git utkarsh\\citizen-community-service-credit\\Activity_backend\\node_modules\\mysql2\\promise.js:111:22)\n    at profile (D:\\git utkarsh\\citizen-community-service-credit\\Activity_backend\\controllers\\LoginController.js:948:41)\n    at process.processTicksAndRejections (node:internal/process/task_queues:95:5)"}
{"code":"ER_BAD_FIELD_ERROR","errno":1054,"level":"error","message":"here is the error Unknown column 'address' in 'field list'","sql":"SELECT `id`, `name`,`photo`, `email`,`phone`, `address`, `googleId`, `organization`, `category` FROM `users` WHERE id = ?","sqlMessage":"Unknown column 'address' in 'field list'","sqlState":"42S22","stack":"Error: Unknown column 'address' in 'field list'\n    at PromiseConnection.execute (D:\\git utkarsh\\citizen-community-service-credit\\Activity_backend\\node_modules\\mysql2\\promise.js:111:22)\n    at profile (D:\\git utkarsh\\citizen-community-service-credit\\Activity_backend\\controllers\\LoginController.js:948:41)\n    at process.processTicksAndRejections (node:internal/process/task_queues:95:5)"}
{"code":"ER_BAD_FIELD_ERROR","errno":1054,"level":"error","message":"this is the error from token Unknown column 'address' in 'field list'","sql":"SELECT `id`, `name`,`photo`, `email`,`phone`, `address`, `googleId`, `organization`, `category` FROM `users` WHERE id = ?","sqlMessage":"Unknown column 'address' in 'field list'","sqlState":"42S22","stack":"Error: Unknown column 'address' in 'field list'\n    at PromiseConnection.execute (D:\\git utkarsh\\citizen-community-service-credit\\Activity_backend\\node_modules\\mysql2\\promise.js:111:22)\n    at profile (D:\\git utkarsh\\citizen-community-service-credit\\Activity_backend\\controllers\\LoginController.js:948:41)\n    at process.processTicksAndRejections (node:internal/process/task_queues:95:5)"}
{"code":"ER_BAD_FIELD_ERROR","errno":1054,"level":"error","message":"here is the error Unknown column 'address' in 'field list'","sql":"SELECT `id`, `name`,`photo`, `email`,`phone`, `address`, `googleId`, `organization`, `category` FROM `users` WHERE id = ?","sqlMessage":"Unknown column 'address' in 'field list'","sqlState":"42S22","stack":"Error: Unknown column 'address' in 'field list'\n    at PromiseConnection.execute (D:\\git utkarsh\\citizen-community-service-credit\\Activity_backend\\node_modules\\mysql2\\promise.js:111:22)\n    at profile (D:\\git utkarsh\\citizen-community-service-credit\\Activity_backend\\controllers\\LoginController.js:948:41)\n    at process.processTicksAndRejections (node:internal/process/task_queues:95:5)"}
{"code":"ER_BAD_FIELD_ERROR","errno":1054,"level":"error","message":"this is the error from token Unknown column 'address' in 'field list'","sql":"SELECT `id`, `name`,`photo`, `email`,`phone`, `address`, `googleId`, `organization`, `category` FROM `users` WHERE id = ?","sqlMessage":"Unknown column 'address' in 'field list'","sqlState":"42S22","stack":"Error: Unknown column 'address' in 'field list'\n    at PromiseConnection.execute (D:\\git utkarsh\\citizen-community-service-credit\\Activity_backend\\node_modules\\mysql2\\promise.js:111:22)\n    at profile (D:\\git utkarsh\\citizen-community-service-credit\\Activity_backend\\controllers\\LoginController.js:948:41)\n    at process.processTicksAndRejections (node:internal/process/task_queues:95:5)"}
{"code":"ER_BAD_FIELD_ERROR","errno":1054,"level":"error","message":"here is the error Unknown column 'address' in 'field list'","sql":"SELECT `id`, `name`,`photo`, `email`,`phone`, `address`, `googleId`, `organization`, `category` FROM `users` WHERE id = ?","sqlMessage":"Unknown column 'address' in 'field list'","sqlState":"42S22","stack":"Error: Unknown column 'address' in 'field list'\n    at PromiseConnection.execute (D:\\git utkarsh\\citizen-community-service-credit\\Activity_backend\\node_modules\\mysql2\\promise.js:111:22)\n    at profile (D:\\git utkarsh\\citizen-community-service-credit\\Activity_backend\\controllers\\LoginController.js:948:41)\n    at process.processTicksAndRejections (node:internal/process/task_queues:95:5)"}
{"code":"ER_BAD_FIELD_ERROR","errno":1054,"level":"error","message":"this is the error from token Unknown column 'address' in 'field list'","sql":"SELECT `id`, `name`,`photo`, `email`,`phone`, `address`, `googleId`, `organization`, `category` FROM `users` WHERE id = ?","sqlMessage":"Unknown column 'address' in 'field list'","sqlState":"42S22","stack":"Error: Unknown column 'address' in 'field list'\n    at PromiseConnection.execute (D:\\git utkarsh\\citizen-community-service-credit\\Activity_backend\\node_modules\\mysql2\\promise.js:111:22)\n    at profile (D:\\git utkarsh\\citizen-community-service-credit\\Activity_backend\\controllers\\LoginController.js:948:41)\n    at process.processTicksAndRejections (node:internal/process/task_queues:95:5)"}
{"code":"ER_BAD_FIELD_ERROR","errno":1054,"level":"error","message":"here is the error Unknown column 'address' in 'field list'","sql":"SELECT `id`, `name`,`photo`, `email`,`phone`, `address`, `googleId`, `organization`, `category` FROM `users` WHERE id = ?","sqlMessage":"Unknown column 'address' in 'field list'","sqlState":"42S22","stack":"Error: Unknown column 'address' in 'field list'\n    at PromiseConnection.execute (D:\\git utkarsh\\citizen-community-service-credit\\Activity_backend\\node_modules\\mysql2\\promise.js:111:22)\n    at profile (D:\\git utkarsh\\citizen-community-service-credit\\Activity_backend\\controllers\\LoginController.js:948:41)\n    at process.processTicksAndRejections (node:internal/process/task_queues:95:5)"}
{"code":"ER_BAD_FIELD_ERROR","errno":1054,"level":"error","message":"this is the error from token Unknown column 'address' in 'field list'","sql":"SELECT `id`, `name`,`photo`, `email`,`phone`, `address`, `googleId`, `organization`, `category` FROM `users` WHERE id = ?","sqlMessage":"Unknown column 'address' in 'field list'","sqlState":"42S22","stack":"Error: Unknown column 'address' in 'field list'\n    at PromiseConnection.execute (D:\\git utkarsh\\citizen-community-service-credit\\Activity_backend\\node_modules\\mysql2\\promise.js:111:22)\n    at profile (D:\\git utkarsh\\citizen-community-service-credit\\Activity_backend\\controllers\\LoginController.js:948:41)\n    at process.processTicksAndRejections (node:internal/process/task_queues:95:5)"}
{"code":"ER_BAD_FIELD_ERROR","errno":1054,"level":"error","message":"here is the error Unknown column 'address' in 'field list'","sql":"SELECT `id`, `name`,`photo`, `email`,`phone`, `address`, `googleId`, `organization`, `category` FROM `users` WHERE id = ?","sqlMessage":"Unknown column 'address' in 'field list'","sqlState":"42S22","stack":"Error: Unknown column 'address' in 'field list'\n    at PromiseConnection.execute (D:\\git utkarsh\\citizen-community-service-credit\\Activity_backend\\node_modules\\mysql2\\promise.js:111:22)\n    at profile (D:\\git utkarsh\\citizen-community-service-credit\\Activity_backend\\controllers\\LoginController.js:948:41)\n    at process.processTicksAndRejections (node:internal/process/task_queues:95:5)"}
{"code":"ER_BAD_FIELD_ERROR","errno":1054,"level":"error","message":"this is the error from token Unknown column 'address' in 'field list'","sql":"SELECT `id`, `name`,`photo`, `email`,`phone`, `address`, `googleId`, `organization`, `category` FROM `users` WHERE id = ?","sqlMessage":"Unknown column 'address' in 'field list'","sqlState":"42S22","stack":"Error: Unknown column 'address' in 'field list'\n    at PromiseConnection.execute (D:\\git utkarsh\\citizen-community-service-credit\\Activity_backend\\node_modules\\mysql2\\promise.js:111:22)\n    at profile (D:\\git utkarsh\\citizen-community-service-credit\\Activity_backend\\controllers\\LoginController.js:948:41)\n    at process.processTicksAndRejections (node:internal/process/task_queues:95:5)"}
{"code":"ER_BAD_FIELD_ERROR","errno":1054,"level":"error","message":"here is the error Unknown column 'address' in 'field list'","sql":"SELECT `id`, `name`,`photo`, `email`,`phone`, `address`, `googleId`, `organization`, `category` FROM `users` WHERE id = ?","sqlMessage":"Unknown column 'address' in 'field list'","sqlState":"42S22","stack":"Error: Unknown column 'address' in 'field list'\n    at PromiseConnection.execute (D:\\git utkarsh\\citizen-community-service-credit\\Activity_backend\\node_modules\\mysql2\\promise.js:111:22)\n    at profile (D:\\git utkarsh\\citizen-community-service-credit\\Activity_backend\\controllers\\LoginController.js:948:41)\n    at process.processTicksAndRejections (node:internal/process/task_queues:95:5)"}
{"code":"ER_BAD_FIELD_ERROR","errno":1054,"level":"error","message":"this is the error from token Unknown column 'address' in 'field list'","sql":"SELECT `id`, `name`,`photo`, `email`,`phone`, `address`, `googleId`, `organization`, `category` FROM `users` WHERE id = ?","sqlMessage":"Unknown column 'address' in 'field list'","sqlState":"42S22","stack":"Error: Unknown column 'address' in 'field list'\n    at PromiseConnection.execute (D:\\git utkarsh\\citizen-community-service-credit\\Activity_backend\\node_modules\\mysql2\\promise.js:111:22)\n    at profile (D:\\git utkarsh\\citizen-community-service-credit\\Activity_backend\\controllers\\LoginController.js:948:41)\n    at process.processTicksAndRejections (node:internal/process/task_queues:95:5)"}
{"code":"ER_BAD_FIELD_ERROR","errno":1054,"level":"error","message":"here is the error Unknown column 'address' in 'field list'","sql":"SELECT `id`, `name`,`photo`, `email`,`phone`, `address`, `googleId`, `organization`, `category` FROM `users` WHERE id = ?","sqlMessage":"Unknown column 'address' in 'field list'","sqlState":"42S22","stack":"Error: Unknown column 'address' in 'field list'\n    at PromiseConnection.execute (D:\\git utkarsh\\citizen-community-service-credit\\Activity_backend\\node_modules\\mysql2\\promise.js:111:22)\n    at profile (D:\\git utkarsh\\citizen-community-service-credit\\Activity_backend\\controllers\\LoginController.js:948:41)\n    at process.processTicksAndRejections (node:internal/process/task_queues:95:5)"}
{"code":"ER_BAD_FIELD_ERROR","errno":1054,"level":"error","message":"this is the error from token Unknown column 'address' in 'field list'","sql":"SELECT `id`, `name`,`photo`, `email`,`phone`, `address`, `googleId`, `organization`, `category` FROM `users` WHERE id = ?","sqlMessage":"Unknown column 'address' in 'field list'","sqlState":"42S22","stack":"Error: Unknown column 'address' in 'field list'\n    at PromiseConnection.execute (D:\\git utkarsh\\citizen-community-service-credit\\Activity_backend\\node_modules\\mysql2\\promise.js:111:22)\n    at profile (D:\\git utkarsh\\citizen-community-service-credit\\Activity_backend\\controllers\\LoginController.js:948:41)\n    at process.processTicksAndRejections (node:internal/process/task_queues:95:5)"}
{"level":"error","message":"user update fail Unexpected end of JSON input","stack":"SyntaxError: Unexpected end of JSON input\n    at JSON.parse (<anonymous>)\n    at updateUser (D:\\git utkarsh\\citizen-community-service-credit\\Activity_backend\\controllers\\LoginController.js:2575:33)\n    at process.processTicksAndRejections (node:internal/process/task_queues:95:5)"}
{"level":"error","message":"here is the error Cannot read properties of null (reading 'id')","stack":"TypeError: Cannot read properties of null (reading 'id')\n    at login (D:\\git utkarsh\\citizen-community-service-credit\\Activity_backend\\controllers\\LoginController.js:771:52)\n    at process.processTicksAndRejections (node:internal/process/task_queues:95:5)"}
{"level":"error","message":"here is the error Cannot read properties of null (reading 'id')","stack":"TypeError: Cannot read properties of null (reading 'id')\n    at login (D:\\git utkarsh\\citizen-community-service-credit\\Activity_backend\\controllers\\LoginController.js:771:52)\n    at process.processTicksAndRejections (node:internal/process/task_queues:95:5)"}
{"level":"error"}
{"level":"error"}
{"level":"error"}
{"expiredAt":"2024-08-21T07:02:21.000Z","level":"error","message":"jwt expired","name":"TokenExpiredError"}
{"expiredAt":"2024-08-21T07:02:21.000Z","level":"error","message":"jwt expired","name":"TokenExpiredError"}
{"expiredAt":"2024-08-21T07:02:21.000Z","level":"error","message":"jwt expired","name":"TokenExpiredError"}
{"expiredAt":"2024-08-21T07:02:21.000Z","level":"error","message":"jwt expired","name":"TokenExpiredError"}
{"expiredAt":"2024-08-21T07:02:21.000Z","level":"error","message":"jwt expired","name":"TokenExpiredError"}
{"expiredAt":"2024-08-21T07:02:21.000Z","level":"error","message":"jwt expired","name":"TokenExpiredError"}
{"expiredAt":"2024-08-21T07:02:21.000Z","level":"error","message":"jwt expired","name":"TokenExpiredError"}
{"expiredAt":"2024-08-21T07:02:21.000Z","level":"error","message":"jwt expired","name":"TokenExpiredError"}
{"expiredAt":"2024-08-21T07:02:21.000Z","level":"error","message":"jwt expired","name":"TokenExpiredError"}
{"expiredAt":"2024-08-21T07:02:21.000Z","level":"error","message":"jwt expired","name":"TokenExpiredError"}
{"expiredAt":"2024-08-21T07:02:21.000Z","level":"error","message":"jwt expired","name":"TokenExpiredError"}
{"expiredAt":"2024-08-21T07:02:21.000Z","level":"error","message":"jwt expired","name":"TokenExpiredError"}
{"expiredAt":"2024-08-21T07:02:21.000Z","level":"error","message":"jwt expired","name":"TokenExpiredError"}
{"expiredAt":"2024-08-21T07:02:21.000Z","level":"error","message":"jwt expired","name":"TokenExpiredError"}
{"expiredAt":"2024-08-21T07:02:21.000Z","level":"error","message":"jwt expired","name":"TokenExpiredError"}
{"expiredAt":"2024-08-21T07:02:21.000Z","level":"error","message":"jwt expired","name":"TokenExpiredError"}
{"level":"error"}
{"level":"error","name":"SequelizeDatabaseError","original":{"code":"ER_BAD_FIELD_ERROR","errno":1054,"sql":"SELECT `id`, `Date`, `photos`, `videos`, `category`, `fromTime`, `totalTime`, `UserId`, `latitude`, `longitude`, `endorsementCounter`, `approved`, `rejected`, `rejectionReason` FROM `posts` AS `posts` WHERE `posts`.`category` = false AND `posts`.`endorsementCounter` = true AND `posts`.`waiting` = true;","sqlMessage":"Unknown column 'posts.waiting' in 'where clause'","sqlState":"42S22"},"parameters":{},"parent":{"code":"ER_BAD_FIELD_ERROR","errno":1054,"sql":"SELECT `id`, `Date`, `photos`, `videos`, `category`, `fromTime`, `totalTime`, `UserId`, `latitude`, `longitude`, `endorsementCounter`, `approved`, `rejected`, `rejectionReason` FROM `posts` AS `posts` WHERE `posts`.`category` = false AND `posts`.`endorsementCounter` = true AND `posts`.`waiting` = true;","sqlMessage":"Unknown column 'posts.waiting' in 'where clause'","sqlState":"42S22"},"sql":"SELECT `id`, `Date`, `photos`, `videos`, `category`, `fromTime`, `totalTime`, `UserId`, `latitude`, `longitude`, `endorsementCounter`, `approved`, `rejected`, `rejectionReason` FROM `posts` AS `posts` WHERE `posts`.`category` = false AND `posts`.`endorsementCounter` = true AND `posts`.`waiting` = true;"}
{"expiredAt":"2024-08-24T05:39:49.000Z","level":"error","message":"jwt expired","name":"TokenExpiredError"}
{"expiredAt":"2024-08-24T05:39:49.000Z","level":"error","message":"jwt expired","name":"TokenExpiredError"}
{"expiredAt":"2024-08-24T05:39:49.000Z","level":"error","message":"jwt expired","name":"TokenExpiredError"}
{"expiredAt":"2024-08-24T05:39:49.000Z","level":"error","message":"jwt expired","name":"TokenExpiredError"}
{"expiredAt":"2024-08-24T05:39:49.000Z","level":"error","message":"jwt expired","name":"TokenExpiredError"}
{"expiredAt":"2024-08-24T05:39:49.000Z","level":"error","message":"jwt expired","name":"TokenExpiredError"}
{"expiredAt":"2024-08-24T05:39:49.000Z","level":"error","message":"jwt expired","name":"TokenExpiredError"}
{"expiredAt":"2024-08-24T05:39:49.000Z","level":"error","message":"jwt expired","name":"TokenExpiredError"}
{"expiredAt":"2024-08-24T05:39:49.000Z","level":"error","message":"jwt expired","name":"TokenExpiredError"}
{"expiredAt":"2024-08-24T05:39:49.000Z","level":"error","message":"jwt expired","name":"TokenExpiredError"}
{"expiredAt":"2024-08-24T05:39:49.000Z","level":"error","message":"jwt expired","name":"TokenExpiredError"}
{"expiredAt":"2024-08-24T05:39:49.000Z","level":"error","message":"jwt expired","name":"TokenExpiredError"}
{"expiredAt":"2024-08-24T05:39:49.000Z","level":"error","message":"jwt expired","name":"TokenExpiredError"}
{"expiredAt":"2024-08-28T12:17:51.000Z","level":"error","message":"jwt expired","name":"TokenExpiredError"}
{"expiredAt":"2024-08-28T12:17:51.000Z","level":"error","message":"jwt expired","name":"TokenExpiredError"}
{"expiredAt":"2024-08-28T12:17:51.000Z","level":"error","message":"jwt expired","name":"TokenExpiredError"}
{"expiredAt":"2024-08-28T12:17:51.000Z","level":"error","message":"jwt expired","name":"TokenExpiredError"}
{"expiredAt":"2024-08-28T12:17:51.000Z","level":"error","message":"jwt expired","name":"TokenExpiredError"}
{"expiredAt":"2024-08-28T12:17:51.000Z","level":"error","message":"jwt expired","name":"TokenExpiredError"}
{"expiredAt":"2024-08-28T12:17:51.000Z","level":"error","message":"jwt expired","name":"TokenExpiredError"}
{"expiredAt":"2024-08-28T12:17:51.000Z","level":"error","message":"jwt expired","name":"TokenExpiredError"}
{"expiredAt":"2024-08-28T12:17:51.000Z","level":"error","message":"jwt expired","name":"TokenExpiredError"}
{"expiredAt":"2024-08-28T12:17:51.000Z","level":"error","message":"jwt expired","name":"TokenExpiredError"}
{"expiredAt":"2024-08-28T12:17:51.000Z","level":"error","message":"jwt expired","name":"TokenExpiredError"}
{"expiredAt":"2024-08-28T12:17:51.000Z","level":"error","message":"jwt expired","name":"TokenExpiredError"}
{"expiredAt":"2024-08-28T12:17:51.000Z","level":"error","message":"jwt expired","name":"TokenExpiredError"}
{"level":"error","message":"Registration failed: orgArray.map is not a function","stack":"TypeError: orgArray.map is not a function\n    at Register (D:\\git utkarsh\\citizen-community-service-credit\\Activity_backend\\controllers\\LoginController.js:446:16)\n    at process.processTicksAndRejections (node:internal/process/task_queues:95:5)"}
{"level":"error","message":"Registration failed: orgArray.map is not a function","stack":"TypeError: orgArray.map is not a function\n    at Register (D:\\git utkarsh\\citizen-community-service-credit\\Activity_backend\\controllers\\LoginController.js:446:16)\n    at process.processTicksAndRejections (node:internal/process/task_queues:95:5)"}
{"level":"error","message":"Registration failed: orgArray.map is not a function","stack":"TypeError: orgArray.map is not a function\n    at Register (D:\\git utkarsh\\citizen-community-service-credit\\Activity_backend\\controllers\\LoginController.js:446:16)\n    at process.processTicksAndRejections (node:internal/process/task_queues:95:5)"}
{"level":"error","message":"Registration failed: orgArray.map is not a function","stack":"TypeError: orgArray.map is not a function\n    at Register (D:\\git utkarsh\\citizen-community-service-credit\\Activity_backend\\controllers\\LoginController.js:446:16)\n    at process.processTicksAndRejections (node:internal/process/task_queues:95:5)"}
{"level":"error","message":"Registration failed: orgArray.map is not a function","stack":"TypeError: orgArray.map is not a function\n    at Register (D:\\git utkarsh\\citizen-community-service-credit\\Activity_backend\\controllers\\LoginController.js:446:16)\n    at process.processTicksAndRejections (node:internal/process/task_queues:95:5)"}
{"fields":["OrgId"],"index":"attach_organizations_ibfk_2","level":"error","message":"Registration failed: Cannot add or update a child row: a foreign key constraint fails (`activity`.`attach_organizations`, CONSTRAINT `attach_organizations_ibfk_2` FOREIGN KEY (`OrgId`) REFERENCES `organizations` (`id`) ON DELETE CASCADE ON UPDATE CASCADE)","name":"SequelizeForeignKeyConstraintError","original":{"code":"ER_NO_REFERENCED_ROW_2","errno":1452,"parameters":[309,5,"2024-09-07 06:38:49","2024-09-07 06:38:49"],"sql":"INSERT INTO `attach_organizations` (`id`,`UserId`,`OrgId`,`createdAt`,`updatedAt`) VALUES (DEFAULT,?,?,?,?);","sqlMessage":"Cannot add or update a child row: a foreign key constraint fails (`activity`.`attach_organizations`, CONSTRAINT `attach_organizations_ibfk_2` FOREIGN KEY (`OrgId`) REFERENCES `organizations` (`id`) ON DELETE CASCADE ON UPDATE CASCADE)","sqlState":"23000"},"parameters":[309,5,"2024-09-07 06:38:49","2024-09-07 06:38:49"],"parent":{"code":"ER_NO_REFERENCED_ROW_2","errno":1452,"parameters":[309,5,"2024-09-07 06:38:49","2024-09-07 06:38:49"],"sql":"INSERT INTO `attach_organizations` (`id`,`UserId`,`OrgId`,`createdAt`,`updatedAt`) VALUES (DEFAULT,?,?,?,?);","sqlMessage":"Cannot add or update a child row: a foreign key constraint fails (`activity`.`attach_organizations`, CONSTRAINT `attach_organizations_ibfk_2` FOREIGN KEY (`OrgId`) REFERENCES `organizations` (`id`) ON DELETE CASCADE ON UPDATE CASCADE)","sqlState":"23000"},"reltype":"child","sql":"INSERT INTO `attach_organizations` (`id`,`UserId`,`OrgId`,`createdAt`,`updatedAt`) VALUES (DEFAULT,?,?,?,?);","stack":"Error\n    at Query.run (D:\\git utkarsh\\citizen-community-service-credit\\Activity_backend\\node_modules\\sequelize\\lib\\dialects\\mysql\\query.js:52:25)\n    at D:\\git utkarsh\\citizen-community-service-credit\\Activity_backend\\node_modules\\sequelize\\lib\\sequelize.js:314:28\n    at process.processTicksAndRejections (node:internal/process/task_queues:95:5)\n    at async MySQLQueryInterface.insert (D:\\git utkarsh\\citizen-community-service-credit\\Activity_backend\\node_modules\\sequelize\\lib\\dialects\\abstract\\query-interface.js:308:21)\n    at async model.save (D:\\git utkarsh\\citizen-community-service-credit\\Activity_backend\\node_modules\\sequelize\\lib\\model.js:2432:35)\n    at async attach_organizations.create (D:\\git utkarsh\\citizen-community-service-credit\\Activity_backend\\node_modules\\sequelize\\lib\\model.js:1344:12)\n    at async D:\\git utkarsh\\citizen-community-service-credit\\Activity_backend\\controllers\\LoginController.js:447:16\n    at async Promise.all (index 1)\n    at async Register (D:\\git utkarsh\\citizen-community-service-credit\\Activity_backend\\controllers\\LoginController.js:445:5)","table":"organizations","value":5}
{"fields":["OrgId"],"index":"attach_organizations_ibfk_2","level":"error","message":"Registration failed: Cannot add or update a child row: a foreign key constraint fails (`activity`.`attach_organizations`, CONSTRAINT `attach_organizations_ibfk_2` FOREIGN KEY (`OrgId`) REFERENCES `organizations` (`id`) ON DELETE CASCADE ON UPDATE CASCADE)","name":"SequelizeForeignKeyConstraintError","original":{"code":"ER_NO_REFERENCED_ROW_2","errno":1452,"parameters":[310,"Leaf Foundation","2024-09-07 06:53:20","2024-09-07 06:53:20"],"sql":"INSERT INTO `attach_organizations` (`id`,`UserId`,`OrgId`,`createdAt`,`updatedAt`) VALUES (DEFAULT,?,?,?,?);","sqlMessage":"Cannot add or update a child row: a foreign key constraint fails (`activity`.`attach_organizations`, CONSTRAINT `attach_organizations_ibfk_2` FOREIGN KEY (`OrgId`) REFERENCES `organizations` (`id`) ON DELETE CASCADE ON UPDATE CASCADE)","sqlState":"23000"},"parameters":[310,"Leaf Foundation","2024-09-07 06:53:20","2024-09-07 06:53:20"],"parent":{"code":"ER_NO_REFERENCED_ROW_2","errno":1452,"parameters":[310,"Leaf Foundation","2024-09-07 06:53:20","2024-09-07 06:53:20"],"sql":"INSERT INTO `attach_organizations` (`id`,`UserId`,`OrgId`,`createdAt`,`updatedAt`) VALUES (DEFAULT,?,?,?,?);","sqlMessage":"Cannot add or update a child row: a foreign key constraint fails (`activity`.`attach_organizations`, CONSTRAINT `attach_organizations_ibfk_2` FOREIGN KEY (`OrgId`) REFERENCES `organizations` (`id`) ON DELETE CASCADE ON UPDATE CASCADE)","sqlState":"23000"},"reltype":"child","sql":"INSERT INTO `attach_organizations` (`id`,`UserId`,`OrgId`,`createdAt`,`updatedAt`) VALUES (DEFAULT,?,?,?,?);","stack":"Error\n    at Query.run (D:\\git utkarsh\\citizen-community-service-credit\\Activity_backend\\node_modules\\sequelize\\lib\\dialects\\mysql\\query.js:52:25)\n    at D:\\git utkarsh\\citizen-community-service-credit\\Activity_backend\\node_modules\\sequelize\\lib\\sequelize.js:314:28\n    at process.processTicksAndRejections (node:internal/process/task_queues:95:5)\n    at async MySQLQueryInterface.insert (D:\\git utkarsh\\citizen-community-service-credit\\Activity_backend\\node_modules\\sequelize\\lib\\dialects\\abstract\\query-interface.js:308:21)\n    at async model.save (D:\\git utkarsh\\citizen-community-service-credit\\Activity_backend\\node_modules\\sequelize\\lib\\model.js:2432:35)\n    at async attach_organizations.create (D:\\git utkarsh\\citizen-community-service-credit\\Activity_backend\\node_modules\\sequelize\\lib\\model.js:1344:12)\n    at async D:\\git utkarsh\\citizen-community-service-credit\\Activity_backend\\controllers\\LoginController.js:447:16\n    at async Promise.all (index 0)\n    at async Register (D:\\git utkarsh\\citizen-community-service-credit\\Activity_backend\\controllers\\LoginController.js:445:5)","table":"organizations","value":"Leaf Foundation"}
